[0m[[0m[0mdebug[0m] [0m[0m> Exec(testOnly InstAlignerTest -- -DwriteVcd=1, Some(503decc5-3a6a-4371-a9d1-a60bfe7332ce), Some(CommandSource(console0)))[0m
[0m[[0m[0mdebug[0m] [0m[0mEvaluating tasks: Test / testOnly[0m
[0m[[0m[0mdebug[0m] [0m[0mRunning task... Cancel: Signal, check cycles: false, forcegc: true[0m
[0m[[0m[0minfo[0m] [0m[0mcompiling 1 Scala source to /home/talha/compressed-rv32/target/scala-2.12/classes ...[0m
[0m[[0m[0minfo[0m] [0m[0m[32mInstAlignerTest:[0m[0m
[0m[[0m[0minfo[0m] [0m[0m[31m- Instruction Aligner Test *** FAILED ***[0m[0m
[0m[[0m[0minfo[0m] [0m[0m[31m  firrtl.transforms.CheckCombLoops$CombLoopException: : [module InstAligner] Combinational loop detected:[0m[0m
[0m[[0m[0minfo[0m] [0m[0m[31mInstAligner.wire1[0m[0m
[0m[[0m[0minfo[0m] [0m[0m[31mInstAligner._T	 @[InstAligner.scala 22:16][0m[0m
[0m[[0m[0minfo[0m] [0m[0m[31mInstAligner._GEN_4	 @[InstAligner.scala 22:24 InstAligner.scala 23:15][0m[0m
[0m[[0m[0minfo[0m] [0m[0m[31mInstAligner.wire1[0m[0m
[0m[[0m[0minfo[0m] [0m[0m[31m  ...[0m[0m
[0m[[0m[0minfo[0m] [0m[0m[36mRun completed in 1 second, 695 milliseconds.[0m[0m
[0m[[0m[0minfo[0m] [0m[0m[36mTotal number of tests run: 1[0m[0m
[0m[[0m[0minfo[0m] [0m[0m[36mSuites: completed 1, aborted 0[0m[0m
[0m[[0m[0minfo[0m] [0m[0m[36mTests: succeeded 0, failed 1, canceled 0, ignored 0, pending 0[0m[0m
[0m[[0m[0minfo[0m] [0m[0m[31m*** 1 TEST FAILED ***[0m[0m
[0m[[0m[31merror[0m] [0m[0mFailed tests:[0m
[0m[[0m[31merror[0m] [0m[0m	InstAlignerTest[0m
[0m[[0m[31merror[0m] [0m[0m(Test / [31mtestOnly[0m) sbt.TestsFailedException: Tests unsuccessful[0m
[0m[[0m[31merror[0m] [0m[0mTotal time: 3 s, completed Jan 24, 2022 7:23:17 PM[0m
[0m[[0m[0mdebug[0m] [0m[0m> Exec(shell, None, None)[0m
[0m[[0m[0minfo[0m] [0m[0mshutting down sbt server[0m
